
Showing logs for build [32mcb-kubecd-environment-pr-191-17-s8fz8-1[0m stage [32mfrom-build-pack[0m and container [32mstep-credential-initializer-wmnvt[0m
{"level":"warn","ts":1585305601.265098,"logger":"fallback-logger","caller":"logging/config.go:69","msg":"Fetch GitHub commit ID from kodata failed: \"ref: refs/heads/0.8.0-**-support-backwards-incompats\" is not a valid GitHub commit ID"}
{"level":"info","ts":1585305601.265897,"logger":"fallback-logger","caller":"creds-init/main.go:40","msg":"Credentials initialized."}

Showing logs for build [32mcb-kubecd-environment-pr-191-17-s8fz8-1[0m stage [32mfrom-build-pack[0m and container [32mstep-working-dir-initializer-rtwjh[0m
{"level":"warn","ts":1585305602.6901581,"logger":"fallback-logger","caller":"logging/config.go:69","msg":"Fetch GitHub commit ID from kodata failed: open /var/run/ko/HEAD: no such file or directory"}
{"level":"info","ts":1585305602.70798,"logger":"fallback-logger","caller":"bash/main.go:64","msg":"Successfully executed command \"sh -c mkdir -p /workspace/source\"; output "}

Showing logs for build [32mcb-kubecd-environment-pr-191-17-s8fz8-1[0m stage [32mfrom-build-pack[0m and container [32mstep-place-tools[0m

Showing logs for build [32mcb-kubecd-environment-pr-191-17-s8fz8-1[0m stage [32mfrom-build-pack[0m and container [32mstep-git-source-cb-kubecd-environment-pr-191-17-s8fz8-528w8[0m
{"level":"warn","ts":1585305605.7703612,"logger":"fallback-logger","caller":"logging/config.go:69","msg":"Fetch GitHub commit ID from kodata failed: \"ref: refs/heads/0.8.0-**-support-backwards-incompats\" is not a valid GitHub commit ID"}
{"level":"info","ts":1585305606.8085773,"logger":"fallback-logger","caller":"git/git.go:103","msg":"Successfully cloned https://github.com/cb-kubecd/environment-pr-191-17-boot-gke-production.git @ master in path /workspace/source"}

Showing logs for build [32mcb-kubecd-environment-pr-191-17-s8fz8-1[0m stage [32mfrom-build-pack[0m and container [32mstep-git-merge[0m
Using SHAs from PULL_REFS=master:e89a2ad5223b50bf1b6973d0a2684bd99c74b5c9,1:4696c3cb90afd1d3f88fcdb5c800f0149c5642e3
DEBUG: LC_ALL=C JX_LOG_LEVEL=error git fetch origin --unshallow 4696c3cb90afd1d3f88fcdb5c800f0149c5642e3: e89a2ad5223b50bf1b6973d0a2684bd99c74b5c9:
DEBUG: ran git fetch --unshallow origin 4696c3cb90afd1d3f88fcdb5c800f0149c5642e3: e89a2ad5223b50bf1b6973d0a2684bd99c74b5c9: in 
DEBUG: LC_ALL=C JX_LOG_LEVEL=error git branch
DEBUG: LC_ALL=C JX_LOG_LEVEL=error git checkout master
DEBUG: ran git checkout master in 
DEBUG: LC_ALL=C JX_LOG_LEVEL=error git reset --hard e89a2ad5223b50bf1b6973d0a2684bd99c74b5c9
DEBUG: ran git reset --hard e89a2ad5223b50bf1b6973d0a2684bd99c74b5c9 in 
DEBUG: LC_ALL=C JX_LOG_LEVEL=error git clean -fd .
DEBUG: ran clean --force -d . in 
DEBUG: LC_ALL=C JX_LOG_LEVEL=error git merge 4696c3cb90afd1d3f88fcdb5c800f0149c5642e3
DEBUG: ran git merge 4696c3cb90afd1d3f88fcdb5c800f0149c5642e3 in 
DEBUG: JX_LOG_LEVEL=error LC_ALL=C git log --format=%H%x1f%an%x1f%ae%x1f%cn%x1f%ce%x1f%s%n%b%x1e e89a2ad5223b50bf1b6973d0a2684bd99c74b5c9..HEAD
Merged SHA 4696c3cb90afd1d3f88fcdb5c800f0149c5642e3 with commit message 'chore: Promote bdd-spring-1585304735 to version 0.0.1' into base branch master

Showing logs for build [32mcb-kubecd-environment-pr-191-17-s8fz8-1[0m stage [32mfrom-build-pack[0m and container [32mstep-build-helm-build[0m
WARNING: No $CHART_REPOSITORY defined so using the default value of: http://jenkins-x-chartmuseum:8080
Adding missing Helm repo: storage.googleapis.com https://storage.googleapis.com/chartmuseum.jenkins-x.io
WARNING: No secrets found on "helm/repos" due: reading the secret "helm/repos" from vault: no secret "helm/repos" not found in vault
Read credentials for https://storage.googleapis.com/chartmuseum.jenkins-x.io from vault helm/repos
Successfully added Helm repository storage.googleapis.com.
Adding missing Helm repo: jenkins-x-chartmuseum http://jenkins-x-chartmuseum:8080
WARNING: No secrets found on "helm/repos" due: reading the secret "helm/repos" from vault: no secret "helm/repos" not found in vault
Read credentials for http://jenkins-x-chartmuseum:8080 from vault helm/repos
Successfully added Helm repository jenkins-x-chartmuseum.
WARNING: No $CHART_REPOSITORY defined so using the default value of: http://jenkins-x-chartmuseum:8080
Adding missing Helm repo: chartmuseum.jenkins-x.io http://chartmuseum.jenkins-x.io
WARNING: No secrets found on "helm/repos" due: reading the secret "helm/repos" from vault: no secret "helm/repos" not found in vault
Read credentials for http://chartmuseum.jenkins-x.io from vault helm/repos
Successfully added Helm repository chartmuseum.jenkins-x.io.
